<?xml version="1.0" encoding="UTF-8"?>
<testsuite name="cm.ubuea.covider.CoviderApplicationTests" tests="1" skipped="0" failures="0" errors="0" timestamp="2020-06-14T01:08:40" hostname="localhost.localdomain" time="0.415">
  <properties/>
  <testcase name="contextLoads()" classname="cm.ubuea.covider.CoviderApplicationTests" time="0.415"/>
  <system-out><![CDATA[02:08:36.719 [Test worker] DEBUG org.springframework.test.context.BootstrapUtils - Instantiating CacheAwareContextLoaderDelegate from class [org.springframework.test.context.cache.DefaultCacheAwareContextLoaderDelegate]
02:08:36.735 [Test worker] DEBUG org.springframework.test.context.BootstrapUtils - Instantiating BootstrapContext using constructor [public org.springframework.test.context.support.DefaultBootstrapContext(java.lang.Class,org.springframework.test.context.CacheAwareContextLoaderDelegate)]
02:08:36.774 [Test worker] DEBUG org.springframework.test.context.BootstrapUtils - Instantiating TestContextBootstrapper for test class [cm.ubuea.covider.CoviderApplicationTests] from class [org.springframework.boot.test.context.SpringBootTestContextBootstrapper]
02:08:36.795 [Test worker] INFO org.springframework.boot.test.context.SpringBootTestContextBootstrapper - Neither @ContextConfiguration nor @ContextHierarchy found for test class [cm.ubuea.covider.CoviderApplicationTests], using SpringBootContextLoader
02:08:36.801 [Test worker] DEBUG org.springframework.test.context.support.AbstractContextLoader - Did not detect default resource location for test class [cm.ubuea.covider.CoviderApplicationTests]: class path resource [cm/ubuea/covider/CoviderApplicationTests-context.xml] does not exist
02:08:36.802 [Test worker] DEBUG org.springframework.test.context.support.AbstractContextLoader - Did not detect default resource location for test class [cm.ubuea.covider.CoviderApplicationTests]: class path resource [cm/ubuea/covider/CoviderApplicationTestsContext.groovy] does not exist
02:08:36.802 [Test worker] INFO org.springframework.test.context.support.AbstractContextLoader - Could not detect default resource locations for test class [cm.ubuea.covider.CoviderApplicationTests]: no resource found for suffixes {-context.xml, Context.groovy}.
02:08:36.803 [Test worker] INFO org.springframework.test.context.support.AnnotationConfigContextLoaderUtils - Could not detect default configuration classes for test class [cm.ubuea.covider.CoviderApplicationTests]: CoviderApplicationTests does not declare any static, non-private, non-final, nested classes annotated with @Configuration.
02:08:36.858 [Test worker] DEBUG org.springframework.test.context.support.ActiveProfilesUtils - Could not find an 'annotation declaring class' for annotation type [org.springframework.test.context.ActiveProfiles] and class [cm.ubuea.covider.CoviderApplicationTests]
02:08:36.949 [Test worker] DEBUG org.springframework.context.annotation.ClassPathScanningCandidateComponentProvider - Identified candidate component class: file [/data/Users/Kaze/Documents/src/covider/webapp/build/classes/java/main/cm/ubuea/covider/CoviderApplication.class]
02:08:36.950 [Test worker] INFO org.springframework.boot.test.context.SpringBootTestContextBootstrapper - Found @SpringBootConfiguration cm.ubuea.covider.CoviderApplication for test class cm.ubuea.covider.CoviderApplicationTests
02:08:37.084 [Test worker] DEBUG org.springframework.boot.test.context.SpringBootTestContextBootstrapper - @TestExecutionListeners is not present for class [cm.ubuea.covider.CoviderApplicationTests]: using defaults.
02:08:37.085 [Test worker] INFO org.springframework.boot.test.context.SpringBootTestContextBootstrapper - Loaded default TestExecutionListener class names from location [META-INF/spring.factories]: [org.springframework.boot.test.autoconfigure.restdocs.RestDocsTestExecutionListener, org.springframework.boot.test.autoconfigure.web.client.MockRestServiceServerResetTestExecutionListener, org.springframework.boot.test.autoconfigure.web.servlet.MockMvcPrintOnlyOnFailureTestExecutionListener, org.springframework.boot.test.autoconfigure.web.servlet.WebDriverTestExecutionListener, org.springframework.boot.test.autoconfigure.webservices.client.MockWebServiceServerTestExecutionListener, org.springframework.boot.test.mock.mockito.MockitoTestExecutionListener, org.springframework.boot.test.mock.mockito.ResetMocksTestExecutionListener, org.springframework.test.context.web.ServletTestExecutionListener, org.springframework.test.context.support.DirtiesContextBeforeModesTestExecutionListener, org.springframework.test.context.support.DependencyInjectionTestExecutionListener, org.springframework.test.context.support.DirtiesContextTestExecutionListener, org.springframework.test.context.transaction.TransactionalTestExecutionListener, org.springframework.test.context.jdbc.SqlScriptsTestExecutionListener, org.springframework.test.context.event.EventPublishingTestExecutionListener]
02:08:37.103 [Test worker] DEBUG org.springframework.boot.test.context.SpringBootTestContextBootstrapper - Skipping candidate TestExecutionListener [org.springframework.test.context.transaction.TransactionalTestExecutionListener] due to a missing dependency. Specify custom listener classes or make the default listener classes and their required dependencies available. Offending class: [org/springframework/transaction/interceptor/TransactionAttributeSource]
02:08:37.104 [Test worker] DEBUG org.springframework.boot.test.context.SpringBootTestContextBootstrapper - Skipping candidate TestExecutionListener [org.springframework.test.context.jdbc.SqlScriptsTestExecutionListener] due to a missing dependency. Specify custom listener classes or make the default listener classes and their required dependencies available. Offending class: [org/springframework/transaction/interceptor/TransactionAttribute]
02:08:37.105 [Test worker] INFO org.springframework.boot.test.context.SpringBootTestContextBootstrapper - Using TestExecutionListeners: [org.springframework.test.context.web.ServletTestExecutionListener@65535d79, org.springframework.test.context.support.DirtiesContextBeforeModesTestExecutionListener@7b0fbe8b, org.springframework.boot.test.mock.mockito.MockitoTestExecutionListener@2f81d428, org.springframework.boot.test.autoconfigure.SpringBootDependencyInjectionTestExecutionListener@16579879, org.springframework.test.context.support.DirtiesContextTestExecutionListener@6910b75f, org.springframework.test.context.event.EventPublishingTestExecutionListener@6f6db710, org.springframework.boot.test.autoconfigure.restdocs.RestDocsTestExecutionListener@4eec0e41, org.springframework.boot.test.autoconfigure.web.client.MockRestServiceServerResetTestExecutionListener@64d2d3b5, org.springframework.boot.test.autoconfigure.web.servlet.MockMvcPrintOnlyOnFailureTestExecutionListener@8143a3f, org.springframework.boot.test.autoconfigure.web.servlet.WebDriverTestExecutionListener@ac3d91a, org.springframework.boot.test.autoconfigure.webservices.client.MockWebServiceServerTestExecutionListener@24f34005, org.springframework.boot.test.mock.mockito.ResetMocksTestExecutionListener@564e6055]
02:08:37.112 [Test worker] DEBUG org.springframework.test.context.support.AbstractDirtiesContextTestExecutionListener - Before test class: context [DefaultTestContext@183ec597 testClass = CoviderApplicationTests, testInstance = [null], testMethod = [null], testException = [null], mergedContextConfiguration = [WebMergedContextConfiguration@2e09ff5b testClass = CoviderApplicationTests, locations = '{}', classes = '{class cm.ubuea.covider.CoviderApplication}', contextInitializerClasses = '[]', activeProfiles = '{}', propertySourceLocations = '{}', propertySourceProperties = '{org.springframework.boot.test.context.SpringBootTestContextBootstrapper=true}', contextCustomizers = set[org.springframework.boot.test.autoconfigure.properties.PropertyMappingContextCustomizer@0, org.springframework.boot.test.autoconfigure.web.servlet.WebDriverContextCustomizerFactory$Customizer@46fe09d4, org.springframework.boot.test.context.filter.ExcludeFilterContextCustomizer@36d686dc, org.springframework.boot.test.json.DuplicateJsonObjectContextCustomizerFactory$DuplicateJsonObjectContextCustomizer@2b79954f, org.springframework.boot.test.mock.mockito.MockitoContextCustomizer@0, org.springframework.boot.test.web.client.TestRestTemplateContextCustomizer@6b1c661c, org.springframework.boot.test.context.SpringBootTestArgs@1], resourceBasePath = 'src/main/webapp', contextLoader = 'org.springframework.boot.test.context.SpringBootContextLoader', parent = [null]], attributes = map['org.springframework.test.context.web.ServletTestExecutionListener.activateListener' -> true]], class annotated with @DirtiesContext [false] with mode [null].
02:08:37.173 [Test worker] DEBUG org.springframework.test.context.support.TestPropertySourceUtils - Adding inlined properties to environment: {spring.jmx.enabled=false, org.springframework.boot.test.context.SpringBootTestContextBootstrapper=true}

  .   ____          _            __ _ _
 /\\ / ___'_ __ _ _(_)_ __  __ _ \ \ \ \
( ( )\___ | '_ | '_| | '_ \/ _` | \ \ \ \
 \\/  ___)| |_)| | | | | || (_| |  ) ) ) )
  '  |____| .__|_| |_|_| |_\__, | / / / /
 =========|_|==============|___/=/_/_/_/
 :: Spring Boot ::        (v2.3.1.RELEASE)

2020-06-14 02:08:37.603  INFO 57793 --- [    Test worker] c.ubuea.covider.CoviderApplicationTests  : Starting CoviderApplicationTests on localhost.localdomain with PID 57793 (started by xurror in /data/Users/Kaze/Documents/src/covider/webapp)
2020-06-14 02:08:37.621  INFO 57793 --- [    Test worker] c.ubuea.covider.CoviderApplicationTests  : No active profile set, falling back to default profiles: default
2020-06-14 02:08:40.041  INFO 57793 --- [    Test worker] o.s.s.concurrent.ThreadPoolTaskExecutor  : Initializing ExecutorService 'applicationTaskExecutor'
2020-06-14 02:08:40.235  INFO 57793 --- [    Test worker] o.s.b.a.w.s.WelcomePageHandlerMapping    : Adding welcome page: ServletContext resource [/index.html]
2020-06-14 02:08:40.763  INFO 57793 --- [    Test worker] c.ubuea.covider.CoviderApplicationTests  : Started CoviderApplicationTests in 3.575 seconds (JVM running for 5.194)
]]></system-out>
  <system-err><![CDATA[]]></system-err>
</testsuite>
